<?xml version="1.0" encoding="UTF-8"?>
<!-- Generated by org.testng.reporters.JUnitReportReporter -->
<testsuite hostname="DESKTOP-0P7RLK5" name="com.Utility.Browser" tests="1" failures="0" timestamp="12 Feb 2021 15:49:19 GMT" time="28.942" errors="0">
  <testcase name="LanuchBrowser" time="28.942" classname="com.Utility.Browser"/>
</testsuite> <!-- com.Utility.Browser -->
