<?xml version="1.0" encoding="UTF-8"?>
<!-- Generated by org.testng.reporters.JUnitReportReporter -->
<testsuite hostname="DESKTOP-0P7RLK5" name="com.pages.action" tests="1" failures="0" timestamp="26 Feb 2021 05:20:08 GMT" time="0.018" errors="0">
  <testcase name="asst" time="0.018" classname="com.pages.action"/>
</testsuite> <!-- com.pages.action -->
